<?xml version="1.0" encoding="UTF-8"?>
<testsuite name="com.example.task01.Tests" tests="5" skipped="0" failures="0" errors="0" timestamp="2020-04-22T15:46:34" hostname="LAPTOP-TKPCN0IG" time="0.32">
  <properties/>
  <testcase name="testIfPresent" classname="com.example.task01.Tests" time="0.251"/>
  <testcase name="testEmpty" classname="com.example.task01.Tests" time="0.053"/>
  <testcase name="testHalfEmpty" classname="com.example.task01.Tests" time="0.007"/>
  <testcase name="testEquals" classname="com.example.task01.Tests" time="0.002"/>
  <testcase name="testNonEmpty" classname="com.example.task01.Tests" time="0.002"/>
  <system-out><![CDATA[]]></system-out>
  <system-err><![CDATA[]]></system-err>
</testsuite>
