<?xml version="1.0" encoding="UTF-8"?>
<testsuite name="com.example.task01.Tests" tests="5" skipped="0" failures="0" errors="0" timestamp="2023-03-26T19:51:20" hostname="MacBook-Air-Ila.local" time="0.033">
  <properties/>
  <testcase name="testIfPresent" classname="com.example.task01.Tests" time="0.026"/>
  <testcase name="testEmpty" classname="com.example.task01.Tests" time="0.003"/>
  <testcase name="testHalfEmpty" classname="com.example.task01.Tests" time="0.0"/>
  <testcase name="testEquals" classname="com.example.task01.Tests" time="0.0"/>
  <testcase name="testNonEmpty" classname="com.example.task01.Tests" time="0.001"/>
  <system-out><![CDATA[]]></system-out>
  <system-err><![CDATA[]]></system-err>
</testsuite>
