<?xml version="1.0" encoding="UTF-8"?>
<testsuite name="com.example.task01.Tests" tests="5" skipped="0" failures="0" errors="0" timestamp="2022-11-20T12:14:36" hostname="DESKTOP-LTITGJO" time="0.097">
  <properties/>
  <testcase name="testIfPresent" classname="com.example.task01.Tests" time="0.078"/>
  <testcase name="testEmpty" classname="com.example.task01.Tests" time="0.012"/>
  <testcase name="testHalfEmpty" classname="com.example.task01.Tests" time="0.001"/>
  <testcase name="testEquals" classname="com.example.task01.Tests" time="0.003"/>
  <testcase name="testNonEmpty" classname="com.example.task01.Tests" time="0.001"/>
  <system-out><![CDATA[]]></system-out>
  <system-err><![CDATA[]]></system-err>
</testsuite>
