<?xml version="1.0" encoding="UTF-8"?>
<testsuite name="com.example.task01.Tests" tests="5" skipped="0" failures="0" errors="0" timestamp="2022-12-04T11:01:52" hostname="DESKTOP-1QO41DK" time="0.051">
  <properties/>
  <testcase name="testIfPresent" classname="com.example.task01.Tests" time="0.036"/>
  <testcase name="testEmpty" classname="com.example.task01.Tests" time="0.006"/>
  <testcase name="testHalfEmpty" classname="com.example.task01.Tests" time="0.005"/>
  <testcase name="testEquals" classname="com.example.task01.Tests" time="0.001"/>
  <testcase name="testNonEmpty" classname="com.example.task01.Tests" time="0.001"/>
  <system-out><![CDATA[]]></system-out>
  <system-err><![CDATA[]]></system-err>
</testsuite>
