<?xml version="1.0" encoding="UTF-8"?>
<testsuite name="com.example.task01.Tests" tests="5" skipped="0" failures="0" errors="0" timestamp="2022-12-04T21:02:00" hostname="Админ-ПК" time="0.187">
  <properties/>
  <testcase name="testIfPresent" classname="com.example.task01.Tests" time="0.122"/>
  <testcase name="testEmpty" classname="com.example.task01.Tests" time="0.053"/>
  <testcase name="testHalfEmpty" classname="com.example.task01.Tests" time="0.001"/>
  <testcase name="testEquals" classname="com.example.task01.Tests" time="0.006"/>
  <testcase name="testNonEmpty" classname="com.example.task01.Tests" time="0.002"/>
  <system-out><![CDATA[]]></system-out>
  <system-err><![CDATA[]]></system-err>
</testsuite>
