<?xml version="1.0" encoding="UTF-8"?>
<testsuite name="com.example.task01.Tests" tests="5" skipped="0" failures="0" errors="0" timestamp="2022-09-24T07:32:17" hostname="MacBook-Pro-Sena.local" time="0.052">
  <properties/>
  <testcase name="testIfPresent" classname="com.example.task01.Tests" time="0.043"/>
  <testcase name="testEmpty" classname="com.example.task01.Tests" time="0.006"/>
  <testcase name="testHalfEmpty" classname="com.example.task01.Tests" time="0.0"/>
  <testcase name="testEquals" classname="com.example.task01.Tests" time="0.002"/>
  <testcase name="testNonEmpty" classname="com.example.task01.Tests" time="0.0"/>
  <system-out><![CDATA[]]></system-out>
  <system-err><![CDATA[]]></system-err>
</testsuite>
