<?xml version="1.0" encoding="UTF-8"?>
<testsuite name="com.example.task01.Tests" tests="5" skipped="0" failures="0" errors="0" timestamp="2022-11-06T17:14:01" hostname="by-Onyx" time="0.086">
  <properties/>
  <testcase name="testIfPresent" classname="com.example.task01.Tests" time="0.073"/>
  <testcase name="testEmpty" classname="com.example.task01.Tests" time="0.007"/>
  <testcase name="testHalfEmpty" classname="com.example.task01.Tests" time="0.0"/>
  <testcase name="testEquals" classname="com.example.task01.Tests" time="0.001"/>
  <testcase name="testNonEmpty" classname="com.example.task01.Tests" time="0.002"/>
  <system-out><![CDATA[]]></system-out>
  <system-err><![CDATA[]]></system-err>
</testsuite>
