<?xml version="1.0" encoding="UTF-8"?>
<testsuite name="com.example.task02.Tests" tests="4" skipped="0" failures="0" errors="0" timestamp="2022-11-20T10:48:27" hostname="by-Onyx" time="0.219">
  <properties/>
  <testcase name="test1" classname="com.example.task02.Tests" time="0.102"/>
  <testcase name="test2" classname="com.example.task02.Tests" time="0.054"/>
  <testcase name="test3" classname="com.example.task02.Tests" time="0.059"/>
  <testcase name="test4" classname="com.example.task02.Tests" time="0.004"/>
  <system-out><![CDATA[]]></system-out>
  <system-err><![CDATA[]]></system-err>
</testsuite>
