<?xml version="1.0" encoding="UTF-8"?>
<testsuite name="com.example.task02.Tests" tests="4" skipped="0" failures="0" errors="0" timestamp="2022-11-20T17:13:10" hostname="GoshaNote" time="0.482">
  <properties/>
  <testcase name="test1" classname="com.example.task02.Tests" time="0.237"/>
  <testcase name="test2" classname="com.example.task02.Tests" time="0.102"/>
  <testcase name="test3" classname="com.example.task02.Tests" time="0.13"/>
  <testcase name="test4" classname="com.example.task02.Tests" time="0.012"/>
  <system-out><![CDATA[]]></system-out>
  <system-err><![CDATA[]]></system-err>
</testsuite>
