<?xml version="1.0" encoding="UTF-8"?>
<testsuite name="com.example.task02.Tests" tests="4" skipped="0" failures="0" errors="0" timestamp="2022-12-04T21:11:25" hostname="Админ-ПК" time="0.6">
  <properties/>
  <testcase name="test1" classname="com.example.task02.Tests" time="0.353"/>
  <testcase name="test2" classname="com.example.task02.Tests" time="0.086"/>
  <testcase name="test3" classname="com.example.task02.Tests" time="0.147"/>
  <testcase name="test4" classname="com.example.task02.Tests" time="0.012"/>
  <system-out><![CDATA[]]></system-out>
  <system-err><![CDATA[]]></system-err>
</testsuite>
