<?xml version="1.0" encoding="UTF-8"?>
<testsuite name="com.example.task02.Tests" tests="4" skipped="0" failures="0" errors="0" timestamp="2023-11-19T11:03:44" hostname="User-PC" time="0.212">
  <properties/>
  <testcase name="test1" classname="com.example.task02.Tests" time="0.101"/>
  <testcase name="test2" classname="com.example.task02.Tests" time="0.051"/>
  <testcase name="test3" classname="com.example.task02.Tests" time="0.057"/>
  <testcase name="test4" classname="com.example.task02.Tests" time="0.003"/>
  <system-out><![CDATA[]]></system-out>
  <system-err><![CDATA[]]></system-err>
</testsuite>
