<?xml version="1.0" encoding="UTF-8"?>
<testsuite name="com.example.task03.Tests" tests="4" skipped="0" failures="0" errors="0" timestamp="2023-03-26T20:30:00" hostname="MacBook-Air-Ila.local" time="0.062">
  <properties/>
  <testcase name="testExample" classname="com.example.task03.Tests" time="0.056"/>
  <testcase name="testEmpty" classname="com.example.task03.Tests" time="0.0"/>
  <testcase name="test" classname="com.example.task03.Tests" time="0.002"/>
  <testcase name="testErrors" classname="com.example.task03.Tests" time="0.001"/>
  <system-out><![CDATA[]]></system-out>
  <system-err><![CDATA[]]></system-err>
</testsuite>
