<?xml version="1.0" encoding="UTF-8"?>
<testsuite name="com.example.task03.Tests" tests="4" skipped="0" failures="0" errors="0" timestamp="2023-11-19T13:50:14" hostname="User-PC" time="0.033">
  <properties/>
  <testcase name="testExample" classname="com.example.task03.Tests" time="0.031"/>
  <testcase name="testEmpty" classname="com.example.task03.Tests" time="0.001"/>
  <testcase name="test" classname="com.example.task03.Tests" time="0.0"/>
  <testcase name="testErrors" classname="com.example.task03.Tests" time="0.001"/>
  <system-out><![CDATA[]]></system-out>
  <system-err><![CDATA[]]></system-err>
</testsuite>
